# JRE version: OpenJDK Runtime Environment (8.0_242-b01) (build 1.8.0_242-release-1644-b01)
# Java VM: OpenJDK 64-Bit Server VM (25.242-b01 mixed mode windows-amd64 compressed oops)
Heap:
 PSYoungGen      total 295424K, used 159944K [0x00000000d5580000, 0x00000000e9d00000, 0x0000000100000000)
  eden space 278016K, 57% used [0x00000000d5580000,0x00000000df1b2118,0x00000000e6500000)
  from space 17408K, 0% used [0x00000000e7e00000,0x00000000e7e00000,0x00000000e8f00000)
  to   space 25600K, 0% used [0x00000000e6500000,0x00000000e6500000,0x00000000e7e00000)
 ParOldGen       total 468480K, used 39898K [0x0000000080000000, 0x000000009c980000, 0x00000000d5580000)
  object space 468480K, 8% used [0x0000000080000000,0x00000000826f6808,0x000000009c980000)
 Metaspace       used 65277K, capacity 68022K, committed 68248K, reserved 1107968K
  class space    used 9015K, capacity 9579K, committed 9648K, reserved 1048576K
GC Heap History (10 events):
Event: 3.921 GC heap before
{Heap before GC invocations=5 (full 1):
 PSYoungGen      total 153088K, used 47553K [0x00000000d5580000, 0x00000000e3f80000, 0x0000000100000000)
  eden space 131584K, 25% used [0x00000000d5580000,0x00000000d75a08d8,0x00000000dd600000)
  from space 21504K, 68% used [0x00000000dd600000,0x00000000de44fe78,0x00000000deb00000)
  to   space 21504K, 0% used [0x00000000e2a80000,0x00000000e2a80000,0x00000000e3f80000)
 ParOldGen       total 209408K, used 13133K [0x0000000080000000, 0x000000008cc80000, 0x00000000d5580000)
  object space 209408K, 6% used [0x0000000080000000,0x0000000080cd3658,0x000000008cc80000)
 Metaspace       used 34263K, capacity 35396K, committed 35496K, reserved 1079296K
  class space    used 4713K, capacity 5001K, committed 5040K, reserved 1048576K
Event: 3.924 GC heap after
Heap after GC invocations=5 (full 1):
 PSYoungGen      total 218112K, used 8928K [0x00000000d5580000, 0x00000000e4e80000, 0x0000000100000000)
  eden space 196608K, 0% used [0x00000000d5580000,0x00000000d5580000,0x00000000e1580000)
  from space 21504K, 41% used [0x00000000e2a80000,0x00000000e3338160,0x00000000e3f80000)
  to   space 21504K, 0% used [0x00000000e1580000,0x00000000e1580000,0x00000000e2a80000)
 ParOldGen       total 209408K, used 13141K [0x0000000080000000, 0x000000008cc80000, 0x00000000d5580000)
  object space 209408K, 6% used [0x0000000080000000,0x0000000080cd5658,0x000000008cc80000)
 Metaspace       used 34263K, capacity 35396K, committed 35496K, reserved 1079296K
  class space    used 4713K, capacity 5001K, committed 5040K, reserved 1048576K
}
Event: 3.924 GC heap before
{Heap before GC invocations=6 (full 2):
 PSYoungGen      total 218112K, used 8928K [0x00000000d5580000, 0x00000000e4e80000, 0x0000000100000000)
  eden space 196608K, 0% used [0x00000000d5580000,0x00000000d5580000,0x00000000e1580000)
  from space 21504K, 41% used [0x00000000e2a80000,0x00000000e3338160,0x00000000e3f80000)
  to   space 21504K, 0% used [0x00000000e1580000,0x00000000e1580000,0x00000000e2a80000)
 ParOldGen       total 209408K, used 13141K [0x0000000080000000, 0x000000008cc80000, 0x00000000d5580000)
  object space 209408K, 6% used [0x0000000080000000,0x0000000080cd5658,0x000000008cc80000)
 Metaspace       used 34263K, capacity 35396K, committed 35496K, reserved 1079296K
  class space    used 4713K, capacity 5001K, committed 5040K, reserved 1048576K
Event: 3.947 GC heap after
Heap after GC invocations=6 (full 2):
 PSYoungGen      total 218112K, used 0K [0x00000000d5580000, 0x00000000e4e80000, 0x0000000100000000)
  eden space 196608K, 0% used [0x00000000d5580000,0x00000000d5580000,0x00000000e1580000)
  from space 21504K, 0% used [0x00000000e2a80000,0x00000000e2a80000,0x00000000e3f80000)
  to   space 21504K, 0% used [0x00000000e1580000,0x00000000e1580000,0x00000000e2a80000)
 ParOldGen       total 312832K, used 15381K [0x0000000080000000, 0x0000000093180000, 0x00000000d5580000)
  object space 312832K, 4% used [0x0000000080000000,0x0000000080f05428,0x0000000093180000)
 Metaspace       used 34263K, capacity 35396K, committed 35496K, reserved 1079296K
  class space    used 4713K, capacity 5001K, committed 5040K, reserved 1048576K
}
Event: 4.881 GC heap before
{Heap before GC invocations=7 (full 2):
 PSYoungGen      total 218112K, used 196608K [0x00000000d5580000, 0x00000000e4e80000, 0x0000000100000000)
  eden space 196608K, 100% used [0x00000000d5580000,0x00000000e1580000,0x00000000e1580000)
  from space 21504K, 0% used [0x00000000e2a80000,0x00000000e2a80000,0x00000000e3f80000)
  to   space 21504K, 0% used [0x00000000e1580000,0x00000000e1580000,0x00000000e2a80000)
 ParOldGen       total 312832K, used 15381K [0x0000000080000000, 0x0000000093180000, 0x00000000d5580000)
  object space 312832K, 4% used [0x0000000080000000,0x0000000080f05428,0x0000000093180000)
 Metaspace       used 43716K, capacity 45564K, committed 45736K, reserved 1089536K
  class space    used 5919K, capacity 6312K, committed 6320K, reserved 1048576K
Event: 4.887 GC heap after
Heap after GC invocations=7 (full 2):
 PSYoungGen      total 218112K, used 14312K [0x00000000d5580000, 0x00000000e8f00000, 0x0000000100000000)
  eden space 196608K, 0% used [0x00000000d5580000,0x00000000d5580000,0x00000000e1580000)
  from space 21504K, 66% used [0x00000000e1580000,0x00000000e237a270,0x00000000e2a80000)
  to   space 17408K, 0% used [0x00000000e7e00000,0x00000000e7e00000,0x00000000e8f00000)
 ParOldGen       total 312832K, used 15389K [0x0000000080000000, 0x0000000093180000, 0x00000000d5580000)
  object space 312832K, 4% used [0x0000000080000000,0x0000000080f07428,0x0000000093180000)
 Metaspace       used 43716K, capacity 45564K, committed 45736K, reserved 1089536K
  class space    used 5919K, capacity 6312K, committed 6320K, reserved 1048576K
}
Event: 6.483 GC heap before
{Heap before GC invocations=8 (full 2):
 PSYoungGen      total 218112K, used 190641K [0x00000000d5580000, 0x00000000e8f00000, 0x0000000100000000)
  eden space 196608K, 89% used [0x00000000d5580000,0x00000000e01b2338,0x00000000e1580000)
  from space 21504K, 66% used [0x00000000e1580000,0x00000000e237a270,0x00000000e2a80000)
  to   space 17408K, 0% used [0x00000000e7e00000,0x00000000e7e00000,0x00000000e8f00000)
 ParOldGen       total 312832K, used 15389K [0x0000000080000000, 0x0000000093180000, 0x00000000d5580000)
  object space 312832K, 4% used [0x0000000080000000,0x0000000080f07428,0x0000000093180000)
 Metaspace       used 56776K, capacity 59116K, committed 59160K, reserved 1099776K
  class space    used 7717K, capacity 8196K, committed 8240K, reserved 1048576K
Event: 6.497 GC heap after
Heap after GC invocations=8 (full 2):
 PSYoungGen      total 295424K, used 17380K [0x00000000d5580000, 0x00000000e9d00000, 0x0000000100000000)
  eden space 278016K, 0% used [0x00000000d5580000,0x00000000d5580000,0x00000000e6500000)
  from space 17408K, 99% used [0x00000000e7e00000,0x00000000e8ef92f0,0x00000000e8f00000)
  to   space 25600K, 0% used [0x00000000e6500000,0x00000000e6500000,0x00000000e7e00000)
 ParOldGen       total 312832K, used 25646K [0x0000000080000000, 0x0000000093180000, 0x00000000d5580000)
  object space 312832K, 8% used [0x0000000080000000,0x000000008190b9b8,0x0000000093180000)
 Metaspace       used 56776K, capacity 59116K, committed 59160K, reserved 1099776K
  class space    used 7717K, capacity 8196K, committed 8240K, reserved 1048576K
}
Event: 6.497 GC heap before
{Heap before GC invocations=9 (full 3):
 PSYoungGen      total 295424K, used 17380K [0x00000000d5580000, 0x00000000e9d00000, 0x0000000100000000)
  eden space 278016K, 0% used [0x00000000d5580000,0x00000000d5580000,0x00000000e6500000)
  from space 17408K, 99% used [0x00000000e7e00000,0x00000000e8ef92f0,0x00000000e8f00000)
  to   space 25600K, 0% used [0x00000000e6500000,0x00000000e6500000,0x00000000e7e00000)
 ParOldGen       total 312832K, used 25646K [0x0000000080000000, 0x0000000093180000, 0x00000000d5580000)
  object space 312832K, 8% used [0x0000000080000000,0x000000008190b9b8,0x0000000093180000)
 Metaspace       used 56776K, capacity 59116K, committed 59160K, reserved 1099776K
  class space    used 7717K, capacity 8196K, committed 8240K, reserved 1048576K
Event: 6.622 GC heap after
Heap after GC invocations=9 (full 3):
 PSYoungGen      total 295424K, used 0K [0x00000000d5580000, 0x00000000e9d00000, 0x0000000100000000)
  eden space 278016K, 0% used [0x00000000d5580000,0x00000000d5580000,0x00000000e6500000)
  from space 17408K, 0% used [0x00000000e7e00000,0x00000000e7e00000,0x00000000e8f00000)
  to   space 25600K, 0% used [0x00000000e6500000,0x00000000e6500000,0x00000000e7e00000)
 ParOldGen       total 468480K, used 39898K [0x0000000080000000, 0x000000009c980000, 0x00000000d5580000)
  object space 468480K, 8% used [0x0000000080000000,0x00000000826f6808,0x000000009c980000)
 Metaspace       used 56697K, capacity 58846K, committed 59160K, reserved 1099776K
  class space    used 7692K, capacity 8151K, committed 8240K, reserved 1048576K
}

